Arguments: 
  F:\node\node.exe C:\Program Files (x86)\Yarn\bin\yarn.js add history --save-dev

PATH: 
  C:\Python39\Scripts\;C:\Python39\;C:\Program Files (x86)\Common Files\Intel\Shared Files\cpp\bin\Intel64;C:\Windows\system32;C:\Windows;C:\Windows\System32\Wbem;C:\Windows\System32\WindowsPowerShell\v1.0\;C:\Program Files\Common Files\Autodesk Shared\;C:\Program Files (x86)\Autodesk\Backburner\;C:\WINDOWS\system32;C:\WINDOWS;C:\WINDOWS\System32\Wbem;C:\WINDOWS\System32\WindowsPowerShell\v1.0\;C:\Program Files (x86)\NVIDIA Corporation\PhysX\Common;C:\Program Files (x86)\GtkSharp\2.12\bin;C:\WINDOWS\System32\OpenSSH\;C:\open\OSPanel\domains\www\My_app;C:\ProgramData\ComposerSetup\bin;F:\Git\cmd;C:\Program Files\NVIDIA Corporation\NVIDIA NvDLISR;C:\Android;C:\WINDOWS\system32;C:\WINDOWS;C:\WINDOWS\System32\Wbem;C:\WINDOWS\System32\WindowsPowerShell\v1.0\;C:\WINDOWS\System32\OpenSSH\;C:\Program Files (x86)\Yarn\bin\;C:\Program Files\dotnet\;F:\node\;C:\ProgramData\chocolatey\bin;C:\Users\Влад.DESKTOP-U8VEUCG\AppData\Local\Microsoft\WindowsApps;;C:\Users\Влад.DESKTOP-U8VEUCG\AppData\Local\Programs\Microsoft VS Code\bin;C:\Users\Влад.DESKTOP-U8VEUCG\AppData\Roaming\npm

Yarn version: 
  1.22.5

Node version: 
  14.15.1

Platform: 
  win32 x64

Trace: 
  Error: EPERM: operation not permitted, unlink 'C:\Users\Влад.DESKTOP-U8VEUCG\Desktop\socialProject\node_modules\bcrypt\lib\binding\napi-v3\bcrypt_lib.node'

npm manifest: 
  {
    "name": "socialProject",
    "version": "1.0.0",
    "description": "",
    "main": "server.ts",
    "scripts": {
      "server":"nodemon server.ts"
    },
    "keywords": [],
    "author": "",
    "license": "ISC",
    "devDependencies": {
      "@types/bcrypt": "^3.0.0",
      "@types/cors": "^2.8.9",
      "@types/express": "^4.17.11",
      "@types/jsonwebtoken": "^8.5.0",
      "@types/mongoose": "^5.10.3",
      "@types/multer": "^1.4.5",
      "@types/socket.io": "^2.1.13",
      "bcrypt": "^5.0.0",
      "body-parser": "^1.19.0",
      "cors": "^2.8.5",
      "express": "^4.17.1",
      "jsonwebtoken": "^8.5.1",
      "mongoose": "^5.11.15",
      "multer": "^1.4.2",
      "socket.io": "^3.1.1",
      "typescript": "^4.1.4"
    }
  }

yarn manifest: 
  No manifest

Lockfile: 
  No lockfile
